This is pdfTeX, Version 3.14159265-2.6-1.40.19 (TeX Live 2019/dev/Debian) (preloaded format=pdflatex 2019.1.20)  10 FEB 2019 18:32
entering extended mode
 restricted \write18 enabled.
 %&-line parsing enabled.
**Principal.tex
(./Principal.tex
LaTeX2e <2018-04-01> patch level 5
(/usr/share/texlive/texmf-dist/tex/latex/base/book.cls
Document Class: book 2014/09/29 v1.4h Standard LaTeX document class
(/usr/share/texlive/texmf-dist/tex/latex/base/bk12.clo
File: bk12.clo 2014/09/29 v1.4h Standard LaTeX file (size option)
)
\c@part=\count80
\c@chapter=\count81
\c@section=\count82
\c@subsection=\count83
\c@subsubsection=\count84
\c@paragraph=\count85
\c@subparagraph=\count86
\c@figure=\count87
\c@table=\count88
\abovecaptionskip=\skip41
\belowcaptionskip=\skip42
\bibindent=\dimen102
) (./TesePack.tex
(/usr/share/texlive/texmf-dist/tex/latex/tools/layout.sty
Package: layout 2014/10/28 v1.2c Show layout parameters
\oneinch=\count89
\cnt@paperwidth=\count90
\cnt@paperheight=\count91
\cnt@hoffset=\count92
\cnt@voffset=\count93
\cnt@textheight=\count94
\cnt@textwidth=\count95
\cnt@topmargin=\count96
\cnt@oddsidemargin=\count97
\cnt@evensidemargin=\count98
\cnt@headheight=\count99
\cnt@headsep=\count100
\cnt@marginparsep=\count101
\cnt@marginparwidth=\count102
\cnt@marginparpush=\count103
\cnt@footskip=\count104
\fheight=\count105
\ref@top=\count106
\ref@hoffset=\count107
\ref@voffset=\count108
\ref@head=\count109
\ref@body=\count110
\ref@foot=\count111
\ref@margin=\count112
\ref@marginwidth=\count113
\ref@marginpar=\count114
\Interval=\count115
\ExtraYPos=\count116
\PositionX=\count117
\PositionY=\count118
\ArrowLength=\count119
)
(/usr/share/texlive/texmf-dist/tex/generic/babel/babel.sty
Package: babel 2018/06/05 3.22 The Babel package

(/usr/share/texlive/texmf-dist/tex/generic/babel/switch.def
File: switch.def 2018/06/05 3.22 Babel switching mechanism
)
(/usr/share/texlive/texmf-dist/tex/generic/babel-english/english.ldf
Language: english 2017/06/06 v3.3r English support from the babel system

(/usr/share/texlive/texmf-dist/tex/generic/babel/babel.def
File: babel.def 2018/06/05 3.22 Babel common definitions
\babel@savecnt=\count120
\U@D=\dimen103

(/usr/share/texlive/texmf-dist/tex/generic/babel/txtbabel.def)
\bbl@dirlevel=\count121
)
\l@british = a dialect from \language\l@english 
\l@UKenglish = a dialect from \language\l@english 
\l@canadian = a dialect from \language\l@american 
\l@australian = a dialect from \language\l@british 
\l@newzealand = a dialect from \language\l@british 
)
(/usr/share/texlive/texmf-dist/tex/generic/babel-portuges/portuges.ldf
Language: portuges 2008/03/18 v1.2q Portuguese support from the babel system
\l@brazil = a dialect from \language\l@portuges 
Package babel Info: Making " an active character on input line 145.
))
(./pagina.sty) (./indentfirst.sty
Package: indentfirst 1994/05/23 v1.02 Indent first paragraph (DPC)
)
(/usr/share/texlive/texmf-dist/tex/latex/base/inputenc.sty
Package: inputenc 2018/04/06 v1.3b Input encoding file
\inpenc@prehook=\toks14
\inpenc@posthook=\toks15

(/usr/share/texlive/texmf-dist/tex/latex/base/latin1.def
File: latin1.def 2018/04/06 v1.3b Input encoding file
))
(/usr/share/texlive/texmf-dist/tex/latex/graphics/graphics.sty
Package: graphics 2017/06/25 v1.2c Standard LaTeX Graphics (DPC,SPQR)

(/usr/share/texlive/texmf-dist/tex/latex/graphics/trig.sty
Package: trig 2016/01/03 v1.10 sin cos tan (DPC)
)
(/usr/share/texlive/texmf-dist/tex/latex/graphics-cfg/graphics.cfg
File: graphics.cfg 2016/06/04 v1.11 sample graphics configuration
)
Package graphics Info: Driver file: pdftex.def on input line 99.

(/usr/share/texlive/texmf-dist/tex/latex/graphics-def/pdftex.def
File: pdftex.def 2018/01/08 v1.0l Graphics/color driver for pdftex
))
(/usr/share/texlive/texmf-dist/tex/latex/graphics/epsfig.sty
Package: epsfig 2017/06/25 v1.7b (e)psfig emulation (SPQR)

(/usr/share/texlive/texmf-dist/tex/latex/graphics/graphicx.sty
Package: graphicx 2017/06/01 v1.1a Enhanced LaTeX Graphics (DPC,SPQR)

(/usr/share/texlive/texmf-dist/tex/latex/graphics/keyval.sty
Package: keyval 2014/10/28 v1.15 key=value parser (DPC)
\KV@toks@=\toks16
)
\Gin@req@height=\dimen104
\Gin@req@width=\dimen105
)
\epsfxsize=\dimen106
\epsfysize=\dimen107
)
(/usr/share/texlive/texmf-dist/tex/latex/pstricks/pstricks.sty
Package: pstricks 2018/01/06 v0.67 LaTeX wrapper for `PSTricks' (RN,HV)

(/usr/share/texlive/texmf-dist/tex/generic/iftex/iftex.sty
Package: iftex 2013/04/04 v0.2 Provides if(tex) conditional for PDFTeX, XeTeX, 
and LuaTeX
)
(/usr/share/texlive/texmf-dist/tex/latex/tools/shellesc.sty
Package: shellesc 2016/06/07 v0.02a unified shell escape interface for LaTeX
Package shellesc Info: Restricted shell escape enabled on input line 69.
)
(/usr/share/texlive/texmf-dist/tex/latex/xcolor/xcolor.sty
Package: xcolor 2016/05/11 v2.12 LaTeX color extensions (UK)

(/usr/share/texlive/texmf-dist/tex/latex/graphics-cfg/color.cfg
File: color.cfg 2016/01/02 v1.6 sample color configuration
)
Package xcolor Info: Driver file: pdftex.def on input line 225.
Package xcolor Info: Model `cmy' substituted by `cmy0' on input line 1348.
Package xcolor Info: Model `hsb' substituted by `rgb' on input line 1352.
Package xcolor Info: Model `RGB' extended on input line 1364.
Package xcolor Info: Model `HTML' substituted by `rgb' on input line 1366.
Package xcolor Info: Model `Hsb' substituted by `hsb' on input line 1367.
Package xcolor Info: Model `tHsb' substituted by `hsb' on input line 1368.
Package xcolor Info: Model `HSB' substituted by `hsb' on input line 1369.
Package xcolor Info: Model `Gray' substituted by `gray' on input line 1370.
Package xcolor Info: Model `wave' substituted by `hsb' on input line 1371.
)
(/usr/share/texlive/texmf-dist/tex/generic/xkeyval/pst-xkey.tex
File: pst-xkey.tex 2005/11/25 v1.6 PSTricks specialization of xkeyval (HA)

(/usr/share/texlive/texmf-dist/tex/latex/xkeyval/xkeyval.sty
Package: xkeyval 2014/12/03 v2.7a package option processing (HA)

(/usr/share/texlive/texmf-dist/tex/generic/xkeyval/xkeyval.tex
(/usr/share/texlive/texmf-dist/tex/generic/xkeyval/xkvutils.tex
\XKV@toks=\toks17
\XKV@tempa@toks=\toks18
)
\XKV@depth=\count122
File: xkeyval.tex 2014/12/03 v2.7a key=value parser (HA)
)))
(/usr/share/texlive/texmf-dist/tex/generic/pstricks/pstricks.tex
(/usr/share/texlive/texmf-dist/tex/generic/pstricks/pst-fp.tex
`pst-fp' v0.05, 2010/01/17 (hv)
\pstFP@xs=\count123
\pstFP@xia=\count124
\pstFP@xib=\count125
\pstFP@xfa=\count126
\pstFP@xfb=\count127
\pstFP@rega=\count128
\pstFP@regb=\count129
\pstFP@regs=\count130
\pstFP@times=\count131
)
(/usr/share/texlive/texmf-dist/tex/generic/pgf/utilities/pgfutil-common.tex
\pgfutil@everybye=\toks19
\pgfutil@tempdima=\dimen108
\pgfutil@tempdimb=\dimen109

(/usr/share/texlive/texmf-dist/tex/generic/pgf/utilities/pgfutil-common-lists.t
ex)) (/usr/share/texlive/texmf-dist/tex/generic/pgf/utilities/pgfkeys.code.tex
\pgfkeys@pathtoks=\toks20
\pgfkeys@temptoks=\toks21

(/usr/share/texlive/texmf-dist/tex/generic/pgf/utilities/pgfkeysfiltered.code.t
ex
\pgfkeys@tmptoks=\toks22
)) (/usr/share/texlive/texmf-dist/tex/generic/pgf/utilities/pgffor.code.tex
(/usr/share/texlive/texmf-dist/tex/generic/pgf/math/pgfmath.code.tex
(/usr/share/texlive/texmf-dist/tex/generic/pgf/math/pgfmathcalc.code.tex
(/usr/share/texlive/texmf-dist/tex/generic/pgf/math/pgfmathutil.code.tex
\pgf@x=\dimen110
\pgf@xa=\dimen111
\pgf@xb=\dimen112
\pgf@xc=\dimen113
\pgf@y=\dimen114
\pgf@ya=\dimen115
\pgf@yb=\dimen116
\pgf@yc=\dimen117
\c@pgf@counta=\count132
\c@pgf@countb=\count133
\c@pgf@countc=\count134
\c@pgf@countd=\count135
\pgfutil@tempcnta=\count136
\pgfutil@tempcntb=\count137
)
(/usr/share/texlive/texmf-dist/tex/generic/pgf/math/pgfmathparser.code.tex
\pgfmath@dimen=\dimen118
\pgfmath@count=\count138
\pgfmath@box=\box26
\pgfmath@toks=\toks23
\pgfmath@stack@operand=\toks24
\pgfmath@stack@operation=\toks25
)
(/usr/share/texlive/texmf-dist/tex/generic/pgf/math/pgfmathfunctions.code.tex
(/usr/share/texlive/texmf-dist/tex/generic/pgf/math/pgfmathfunctions.basic.code
.tex)
(/usr/share/texlive/texmf-dist/tex/generic/pgf/math/pgfmathfunctions.trigonomet
ric.code.tex)
(/usr/share/texlive/texmf-dist/tex/generic/pgf/math/pgfmathfunctions.random.cod
e.tex)
(/usr/share/texlive/texmf-dist/tex/generic/pgf/math/pgfmathfunctions.comparison
.code.tex)
(/usr/share/texlive/texmf-dist/tex/generic/pgf/math/pgfmathfunctions.base.code.
tex)
(/usr/share/texlive/texmf-dist/tex/generic/pgf/math/pgfmathfunctions.round.code
.tex)
(/usr/share/texlive/texmf-dist/tex/generic/pgf/math/pgfmathfunctions.misc.code.
tex)
(/usr/share/texlive/texmf-dist/tex/generic/pgf/math/pgfmathfunctions.integerari
thmetics.code.tex)))
(/usr/share/texlive/texmf-dist/tex/generic/pgf/math/pgfmathfloat.code.tex
\c@pgfmathroundto@lastzeros=\count139
))
\pgffor@iter=\dimen119
\pgffor@skip=\dimen120
\pgffor@stack=\toks26
\pgffor@toks=\toks27
)
\psLoopIndex=\count140

`PSTricks' v2.85  <2018/07/22> (tvz,hv)
\pst@dima=\dimen121
\pst@dimb=\dimen122
\pst@dimc=\dimen123
\pst@dimd=\dimen124
\pst@dimg=\dimen125
\pst@dimh=\dimen126
\pst@dimm=\dimen127
\pst@dimn=\dimen128
\pst@dimo=\dimen129
\pst@dimp=\dimen130
\pst@hbox=\box27
\pst@ibox=\box28
\pst@boxg=\box29
\pst@cnta=\count141
\pst@cntb=\count142
\pst@cntc=\count143
\pst@cntd=\count144
\pst@cntg=\count145
\pst@cnth=\count146
\pst@cntm=\count147
\pst@cntn=\count148
\pst@cnto=\count149
\pst@cntp=\count150
\@zero=\count151
\pst@toks=\toks28
(/usr/share/texlive/texmf-dist/tex/generic/pstricks/pstricks.con)
\psunit=\dimen131
\psxunit=\dimen132
\psyunit=\dimen133
\pst@C@@rType=\count152
\pslinewidth=\dimen134
\psk@startLW=\dimen135
\psk@endLW=\dimen136
\pst@customdefs=\toks29
\pslinearc=\dimen137
\pst@symbolStep=\dimen138
\pst@symbolWidth=\dimen139
\pst@symbolLinewidth=\dimen140
\everypsbox=\toks30
\psframesep=\dimen141
\pslabelsep=\dimen142
\sh@wgridXunit=\dimen143
\sh@wgridYunit=\dimen144
\pst@shift=\dimen145
)
File: pstricks.tex 2018/07/22 v2.85 `PSTricks' (tvz,hv)

(/usr/share/texlive/texmf-dist/tex/generic/pstricks/pst-fp.tex)
File: pst-fp.tex 2018/07/22 v2.85 `PST-fp' (hv)
)
(/usr/share/texlive/texmf-dist/tex/latex/pst-node/pst-node.sty
Package: pst-node 2012/09/18 v1.01 LaTeX wrapper for `pst-node' (HV)
Package: pst-node 2010/04/22 package wrapper for pst-node.tex

(/usr/share/texlive/texmf-dist/tex/generic/pst-node/pst-node.tex
 v1.41, 2017/12/30
\psrow=\count153
\pscol=\count154
\psmatrixcnt=\count155
\psrowsep=\skip43
\pscolsep=\skip44
\pst@args=\count156
\num@pts=\count157
\pst@argcnt=\count158
)
File: pst-node.tex 2017/12/30 1.41 `pst-node' (tvz,hv)
)
(/usr/share/texlive/texmf-dist/tex/latex/pst-tree/pst-tree.sty
Package: pst-tree 2009/01/25 package wrapper for pst-tree.tex

(/usr/share/texlive/texmf-dist/tex/generic/pst-tree/pst-tree.tex
 v1.13, 2017/02/18(tvz,dg,hv)
\pstree@rootbox=\box30
\pstree@box=\box31
\psnodecnt=\count159
\pstreelevel=\count160
\pstreecnt=\count161
\pstree@cnt=\count162
\pstree@stop=\count163
)
File: pst-tree.tex 2017/02/18 1.13 `pst-tree' (tvz,hv)
)
(/usr/share/texlive/texmf-dist/tex/latex/base/alltt.sty
Package: alltt 1997/06/16 v2.0g defines alltt environment
) (./rotating.sty
Package: rotating 94/04/15 2 SPQR

Style option: rotating 2 <94/04/15> (SPQR / LMB)
) (/usr/share/texlive/texmf-dist/tex/latex/tools/enumerate.sty
Package: enumerate 2015/07/23 v3.00 enumerate extensions (DPC)
\@enLab=\toks31
)
(/usr/share/texlive/texmf-dist/tex/latex/amsmath/amsmath.sty
Package: amsmath 2017/09/02 v2.17a AMS math features
\@mathmargin=\skip45

For additional information on amsmath, use the `?' option.
(/usr/share/texlive/texmf-dist/tex/latex/amsmath/amstext.sty
Package: amstext 2000/06/29 v2.01 AMS text

(/usr/share/texlive/texmf-dist/tex/latex/amsmath/amsgen.sty
File: amsgen.sty 1999/11/30 v2.0 generic functions
\@emptytoks=\toks32
\ex@=\dimen146
))
(/usr/share/texlive/texmf-dist/tex/latex/amsmath/amsbsy.sty
Package: amsbsy 1999/11/29 v1.2d Bold Symbols
\pmbraise@=\dimen147
)
(/usr/share/texlive/texmf-dist/tex/latex/amsmath/amsopn.sty
Package: amsopn 2016/03/08 v2.02 operator names
)
\inf@bad=\count164
LaTeX Info: Redefining \frac on input line 213.
\uproot@=\count165
\leftroot@=\count166
LaTeX Info: Redefining \overline on input line 375.
\classnum@=\count167
\DOTSCASE@=\count168
LaTeX Info: Redefining \ldots on input line 472.
LaTeX Info: Redefining \dots on input line 475.
LaTeX Info: Redefining \cdots on input line 596.
\Mathstrutbox@=\box32
\strutbox@=\box33
\big@size=\dimen148
LaTeX Font Info:    Redeclaring font encoding OML on input line 712.
LaTeX Font Info:    Redeclaring font encoding OMS on input line 713.
\macc@depth=\count169
\c@MaxMatrixCols=\count170
\dotsspace@=\muskip10
\c@parentequation=\count171
\dspbrk@lvl=\count172
\tag@help=\toks33
\row@=\count173
\column@=\count174
\maxfields@=\count175
\andhelp@=\toks34
\eqnshift@=\dimen149
\alignsep@=\dimen150
\tagshift@=\dimen151
\tagwidth@=\dimen152
\totwidth@=\dimen153
\lineht@=\dimen154
\@envbody=\toks35
\multlinegap=\skip46
\multlinetaggap=\skip47
\mathdisplay@stack=\toks36
LaTeX Info: Redefining \[ on input line 2817.
LaTeX Info: Redefining \] on input line 2818.
)
(/usr/share/texlive/texmf-dist/tex/latex/amsfonts/amssymb.sty
Package: amssymb 2013/01/14 v3.01 AMS font symbols

(/usr/share/texlive/texmf-dist/tex/latex/amsfonts/amsfonts.sty
Package: amsfonts 2013/01/14 v3.01 Basic AMSFonts support
\symAMSa=\mathgroup4
\symAMSb=\mathgroup5
LaTeX Font Info:    Overwriting math alphabet `\mathfrak' in version `bold'
(Font)                  U/euf/m/n --> U/euf/b/n on input line 106.
))
(./portland.sty
\paperheight=\dimen155
\phoffset=\dimen156
\pvoffset=\dimen157
\ptextwidth=\dimen158
\ptextheight=\dimen159
\ptopmargin=\dimen160
\poddsidemargin=\dimen161
\pevensidemargin=\dimen162
\lhoffset=\dimen163
\lvoffset=\dimen164
\ltextwidth=\dimen165
\ltextheight=\dimen166
\ltopmargin=\dimen167
\loddsidemargin=\dimen168
\levensidemargin=\dimen169
) (/usr/share/texlive/texmf-dist/tex/latex/multirow/multirow.sty
Package: multirow 2018/08/03 v2.3 Span multiple rows of a table
\multirow@colwidth=\skip48
\multirow@cntb=\count176
\multirow@dima=\skip49
\bigstrutjot=\dimen170
) (/usr/share/texlive/texmf-dist/tex/latex/caption/subcaption.sty
Package: subcaption 2018/05/01 v1.1-162 Sub-captions (AR)

(/usr/share/texlive/texmf-dist/tex/latex/caption/caption.sty
Package: caption 2018/05/01 v3.3-147 Customizing captions (AR)

(/usr/share/texlive/texmf-dist/tex/latex/caption/caption3.sty
Package: caption3 2018/05/27 v1.8a caption3 kernel (AR)
Package caption3 Info: TeX engine: e-TeX on input line 64.
\captionmargin=\dimen171
\captionmargin@=\dimen172
\captionwidth=\dimen173
\caption@tempdima=\dimen174
\caption@indent=\dimen175
\caption@parindent=\dimen176
\caption@hangindent=\dimen177
)
\c@ContinuedFloat=\count177
Package caption Info: rotating package is loaded.


! Package caption Error: For a successful cooperation we need at least version
(caption)                `1995/08/22 v2.10' of package rotating,
(caption)                but only version
(caption)                `94/04/15 2 SPQR'
(caption)                is available.

See the caption package documentation for explanation.
Type  H <return>  for immediate help.
 ...                                              
                                                  
l.1653 }{}
          
If you do not understand this error, please take a closer look
at the documentation of the `caption' package, especially the
section about errors.
Try typing  <return>  to proceed.
If that doesn't work, type  X <return>  to quit.

)
\c@subfigure=\count178
\c@subtable=\count179
) (/usr/share/texlive/texmf-dist/tex/latex/float/float.sty
Package: float 2001/11/08 v1.3d Float enhancements (AL)
\c@float@type=\count180
\float@exts=\toks37
\float@box=\box34
\@float@everytoks=\toks38
\@floatcapt=\box35
))
(/usr/share/texlive/texmf-dist/tex/latex/tools/longtable.sty
Package: longtable 2014/10/28 v4.11 Multi-page Table package (DPC)
\LTleft=\skip50
\LTright=\skip51
\LTpre=\skip52
\LTpost=\skip53
\LTchunksize=\count181
\LTcapwidth=\dimen178
\LT@head=\box36
\LT@firsthead=\box37
\LT@foot=\box38
\LT@lastfoot=\box39
\LT@cols=\count182
\LT@rows=\count183
\c@LT@tables=\count184
\c@LT@chunks=\count185
\LT@p@ftn=\toks39
) (./Principal.aux)
\openout1 = `Principal.aux'.

LaTeX Font Info:    Checking defaults for OML/cmm/m/it on input line 4.
LaTeX Font Info:    ... okay on input line 4.
LaTeX Font Info:    Checking defaults for T1/cmr/m/n on input line 4.
LaTeX Font Info:    ... okay on input line 4.
LaTeX Font Info:    Checking defaults for OT1/cmr/m/n on input line 4.
LaTeX Font Info:    ... okay on input line 4.
LaTeX Font Info:    Checking defaults for OMS/cmsy/m/n on input line 4.
LaTeX Font Info:    ... okay on input line 4.
LaTeX Font Info:    Checking defaults for OMX/cmex/m/n on input line 4.
LaTeX Font Info:    ... okay on input line 4.
LaTeX Font Info:    Checking defaults for U/cmr/m/n on input line 4.
LaTeX Font Info:    ... okay on input line 4.
(/usr/share/texlive/texmf-dist/tex/context/base/mkii/supp-pdf.mkii
[Loading MPS to PDF converter (version 2006.09.02).]
\scratchcounter=\count186
\scratchdimen=\dimen179
\scratchbox=\box40
\nofMPsegments=\count187
\nofMParguments=\count188
\everyMPshowfont=\toks40
\MPscratchCnt=\count189
\MPscratchDim=\dimen180
\MPnumerator=\count190
\makeMPintoPDFobject=\count191
\everyMPtoPDFconversion=\toks41
) (/usr/share/texlive/texmf-dist/tex/latex/oberdiek/epstopdf-base.sty
Package: epstopdf-base 2016/05/15 v2.6 Base part for package epstopdf

(/usr/share/texlive/texmf-dist/tex/generic/oberdiek/infwarerr.sty
Package: infwarerr 2016/05/16 v1.4 Providing info/warning/error messages (HO)
)
(/usr/share/texlive/texmf-dist/tex/latex/oberdiek/grfext.sty
Package: grfext 2016/05/16 v1.2 Manage graphics extensions (HO)

(/usr/share/texlive/texmf-dist/tex/generic/oberdiek/kvdefinekeys.sty
Package: kvdefinekeys 2016/05/16 v1.4 Define keys (HO)

(/usr/share/texlive/texmf-dist/tex/generic/oberdiek/ltxcmds.sty
Package: ltxcmds 2016/05/16 v1.23 LaTeX kernel commands for general use (HO)
)))
(/usr/share/texlive/texmf-dist/tex/latex/oberdiek/kvoptions.sty
Package: kvoptions 2016/05/16 v3.12 Key value format for package options (HO)

(/usr/share/texlive/texmf-dist/tex/generic/oberdiek/kvsetkeys.sty
Package: kvsetkeys 2016/05/16 v1.17 Key value parser (HO)

(/usr/share/texlive/texmf-dist/tex/generic/oberdiek/etexcmds.sty
Package: etexcmds 2016/05/16 v1.6 Avoid name clashes with e-TeX commands (HO)

(/usr/share/texlive/texmf-dist/tex/generic/oberdiek/ifluatex.sty
Package: ifluatex 2016/05/16 v1.4 Provides the ifluatex switch (HO)
Package ifluatex Info: LuaTeX not detected.
))))
(/usr/share/texlive/texmf-dist/tex/generic/oberdiek/pdftexcmds.sty
Package: pdftexcmds 2018/01/30 v0.27 Utility functions of pdfTeX for LuaTeX (HO
)

(/usr/share/texlive/texmf-dist/tex/generic/oberdiek/ifpdf.sty
Package: ifpdf 2017/03/15 v3.2 Provides the ifpdf switch
)
Package pdftexcmds Info: LuaTeX not detected.
Package pdftexcmds Info: \pdf@primitive is available.
Package pdftexcmds Info: \pdf@ifprimitive is available.
Package pdftexcmds Info: \pdfdraftmode found.
)
Package epstopdf-base Info: Redefining graphics rule for `.eps' on input line 4
38.
Package grfext Info: Graphics extension search list:
(grfext)             [.pdf,.png,.jpg,.mps,.jpeg,.jbig2,.jb2,.PDF,.PNG,.JPG,.JPE
G,.JBIG2,.JB2,.eps]
(grfext)             \AppendGraphicsExtensions on input line 456.

(/usr/share/texlive/texmf-dist/tex/latex/latexconfig/epstopdf-sys.cfg
File: epstopdf-sys.cfg 2010/07/13 v1.3 Configuration of (r)epstopdf for TeX Liv
e
))
Package caption Info: Begin \AtBeginDocument code.
Package caption Info: float package is loaded.
Package caption Info: longtable package is loaded.

(/usr/share/texlive/texmf-dist/tex/latex/caption/ltcaption.sty
Package: ltcaption 2013/06/09 v1.4-94 longtable captions (AR)
)
Package caption Info: End \AtBeginDocument code.
 (./Capa.tex
Package epstopdf Info: Source file: <./figuras/Poli.eps>
(epstopdf)                    date: 2014-03-24 13:17:04
(epstopdf)                    size: 546883 bytes
(epstopdf)             Output file: <./figuras/Poli-eps-converted-to.pdf>
(epstopdf)                    date: 2016-09-16 13:30:28
(epstopdf)                    size: 43853 bytes
(epstopdf)             Command: <repstopdf --outfile=./figuras/Poli-eps-convert
ed-to.pdf ./figuras/Poli.eps>
(epstopdf)             \includegraphics on input line 1.
Package epstopdf Info: Output file is already uptodate.
<./figuras/Poli-eps-converted-to.pdf, id=1, 130.4875pt x 139.52126pt>
File: ./figuras/Poli-eps-converted-to.pdf Graphic file (type pdf)
<use ./figuras/Poli-eps-converted-to.pdf>
Package pdftex.def Info: ./figuras/Poli-eps-converted-to.pdf  used on input lin
e 1.
(pdftex.def)             Requested size: 91.3406pt x 97.6642pt.

Underfull \hbox (badness 10000) in paragraph at lines 10--10

 []

LaTeX Font Info:    Try loading font information for U+msa on input line 10.
(/usr/share/texlive/texmf-dist/tex/latex/amsfonts/umsa.fd
File: umsa.fd 2013/01/14 v3.01 AMS symbols A
)
LaTeX Font Info:    Try loading font information for U+msb on input line 10.

(/usr/share/texlive/texmf-dist/tex/latex/amsfonts/umsb.fd
File: umsb.fd 2013/01/14 v3.01 AMS symbols B
)
Overfull \hbox (2.61107pt too wide) in paragraph at lines 9--16
   $[]$
 []

[1
Non-PDF special ignored!
<special> header=pstricks.pro
Non-PDF special ignored!
<special> header=pst-algparser.pro
Non-PDF special ignored!
<special> header=pst-tools.pro
Non-PDF special ignored!
<special> header=pst-dots.pro
Non-PDF special ignored!
<special> header=pst-node.pro

Non-PDF special ignored!
<special> ps: /pssetRGBcolor /setrgbcolor load def /pssetCMYKcolor /setcmyk...
Non-PDF special ignored!
<special> ps:tx@Dict begin  gsave STV CP T /ps@rot 0 def grestore  end
Non-PDF special ignored!
<special> ps:tx@Dict begin  gsave STV CP T /ps@refangle 0.  def grestore  e...
Non-PDF special ignored!
<special> ps:tx@Dict begin  gsave STV CP T /ps@rot 0 def grestore  end

{/var/lib/texmf/fonts/map/pdftex/updmap/pdftex.map} <./figuras/Poli-eps-convert
ed-to.pdf>]
Overfull \hbox (1.744pt too wide) in paragraph at lines 34--35
\OT1/cmr/m/n/12 PROJETO DE GRADUA[][]AO SUB-ME-TIDO AO CORPO DO-CENTE DO CURSO
 []

) [2] (./Preambulo.tex
Underfull \hbox (badness 10000) in paragraph at lines 8--16

 []

[3] [4] [5] [6] [7] [8] [9] [10]) (./Principal.toc)
\tf@toc=\write3
\openout3 = `Principal.toc'.

 [11

] (./Principal.lof

LaTeX Warning: Citation `DECISAO' on page xii undefined on input line 6.

)
\tf@lof=\write4
\openout4 = `Principal.lof'.

 [12

] (./Principal.lot)
\tf@lot=\write5
\openout5 = `Principal.lot'.

 [13

]
Cap\'{\i }tulo 1.
(./cap1.tex [1



]) [2]
Cap\'{\i }tulo 2.
(./cap2.tex [3

]
LaTeX Font Info:    Try loading font information for OMS+cmr on input line 13.
 (/usr/share/texlive/texmf-dist/tex/latex/base/omscmr.fd
File: omscmr.fd 2014/09/29 v2.5h Standard LaTeX font definitions
)
LaTeX Font Info:    Font shape `OMS/cmr/m/n' in size <12> not available
(Font)              Font shape `OMS/cmsy/m/n' tried instead on input line 13.
<./figuras/orgaos_governo.jpg, id=64, 803.0pt x 358.33875pt>
File: ./figuras/orgaos_governo.jpg Graphic file (type jpg)
<use ./figuras/orgaos_governo.jpg>
Package pdftex.def Info: ./figuras/orgaos_governo.jpg  used on input line 29.
(pdftex.def)             Requested size: 426.79134pt x 190.45995pt.

[4]
<./figuras/SistemadeTransmissao_Horizonte2017.jpg, id=69, 803.0pt x 771.88374pt
>
File: ./figuras/SistemadeTransmissao_Horizonte2017.jpg Graphic file (type jpg)
<use ./figuras/SistemadeTransmissao_Horizonte2017.jpg>
Package pdftex.def Info: ./figuras/SistemadeTransmissao_Horizonte2017.jpg  used
 on input line 47.
(pdftex.def)             Requested size: 481.80373pt x 463.13382pt.

Overfull \hbox (55.01239pt too wide) in paragraph at lines 47--48
 [] 
 []

[5 <./figuras/orgaos_governo.jpg>] [6 <./figuras/SistemadeTransmissao_Horizonte
2017.jpg>]
Overfull \hbox (6.59021pt too wide) in paragraph at lines 71--72
[]\OT1/cmr/bx/n/12 Agentes ex-por-ta-do-res\OT1/cmr/m/n/12 : S~ao agen-tes ti-t
u-la-res de au-to-riza^^Xc~ao para im-planta^^Xc~ao
 []

[7]

LaTeX Warning: Citation `PrevizaoPrecoFuturoACL' on page 8 undefined on input l
ine 81.

<./figuras/decisao.jpg, id=80, 900.36375pt x 390.45876pt>
File: ./figuras/decisao.jpg Graphic file (type jpg)
<use ./figuras/decisao.jpg>
Package pdftex.def Info: ./figuras/decisao.jpg  used on input line 91.
(pdftex.def)             Requested size: 427.67723pt x 185.46983pt.

Overfull \hbox (0.8859pt too wide) in paragraph at lines 91--92
 [] 
 []


LaTeX Warning: Citation `PrevisaoMultiPassos' on page 8 undefined on input line
 93.


LaTeX Warning: Citation `PrevisaoMultiPassos' on page 8 undefined on input line
 93.

[8]
<./figuras/matrizEletrica_mundo.png, id=84, 517.4532pt x 520.344pt>
File: ./figuras/matrizEletrica_mundo.png Graphic file (type png)
<use ./figuras/matrizEletrica_mundo.png>
Package pdftex.def Info: ./figuras/matrizEletrica_mundo.png  used on input line
 112.
(pdftex.def)             Requested size: 200.59244pt x 201.71854pt.
<./figuras/matrizEletrica_brasil.png, id=86, 548.2884pt x 529.4982pt>
File: ./figuras/matrizEletrica_brasil.png Graphic file (type png)
<use ./figuras/matrizEletrica_brasil.png>
Package pdftex.def Info: ./figuras/matrizEletrica_brasil.png  used on input lin
e 118.
(pdftex.def)             Requested size: 204.85802pt x 197.83417pt.
 [9 <./figuras/decisao.jpg>]
<./figuras/PLD_media_mensal_SE.jpg, id=90, 1190.2869pt x 536.2434pt>
File: ./figuras/PLD_media_mensal_SE.jpg Graphic file (type jpg)
<use ./figuras/PLD_media_mensal_SE.jpg>
Package pdftex.def Info: ./figuras/PLD_media_mensal_SE.jpg  used on input line 
128.
(pdftex.def)             Requested size: 426.79134pt x 192.27014pt.
 [10 <./figuras/matrizEletrica_mundo.png> <./figuras/matrizEletrica_brasil.png>
 <./figuras/PLD_media_mensal_SE.jpg>]
Overfull \hbox (52.29561pt too wide) in paragraph at lines 150--162
 [] 
 []

) [11]
Cap\'{\i }tulo 3.
(./cap3.tex) [12

] (./Principal.bbl
Underfull \hbox (badness 10000) in paragraph at lines 43--46
[]\OT1/cmr/m/n/12 ONS, ``Go-ver-nan^^Xca'', http://ons.org.br/paginas/sobre-o-
 []

[13


]
! Missing $ inserted.
<inserted text> 
                $
l.53 ...das Diferenças_Anexo_1.0_formatado - CCEE}
                                                  ,
I've inserted a begin-math/end-math symbol since I think
you left one out. Proceed, with fingers crossed.

! Missing $ inserted.
<inserted text> 
                $
l.56 
     
I've inserted a begin-math/end-math symbol since I think
you left one out. Proceed, with fingers crossed.

! Missing } inserted.
<inserted text> 
                }
l.56 
     
I've inserted something that you may have forgotten.
(See the <inserted text> above.)
With luck, this will get me unwedged. But if you
really didn't forget anything, try typing `2' now; then
my insertion and my current dilemma will both disappear.


Underfull \hbox (badness 10000) in paragraph at lines 53--56
[]\OT1/cmr/m/n/12 CCEE, ``Pre^^Xco de Li-quida^^Xc~ao das Di-fe-ren^^Xcas$[]\OM
L/cmm/m/it/12 nexo[]:\OT1/cmr/m/n/12 0[]\OML/cmm/m/it/12 ormatado \OMS/cmsy/m/n
/12 ^^@
 []


Overfull \hbox (99.88031pt too wide) in paragraph at lines 53--56
\OML/cmm/m/it/12 CCEE[]; www:ccee:org:br=ccee=documentos=ccee[]\OT1/cmr/m/n/12 
059061\OML/cmm/m/it/12 ; \OT1/cmr/m/n/12 2019\OML/cmm/m/it/12 ; \OT1/cmr/m/n/12
 (\OML/cmm/m/it/12 Acessoem\OT1/cmr/m/n/12 10\OML/cmm/m/it/12 deFevereirode\OT1
/cmr/m/n/12 2019)\OML/cmm/m/it/12 :[]$ 
 []

! Extra }, or forgotten \endgroup.
\par ...m \@noitemerr {\@@par }\fi \else {\@@par }
                                                  \fi 
l.56 
     
I've deleted a group-closing symbol because it seems to be
spurious, as in `$x}$'. But perhaps the } is legitimate and
you forgot something else, as in `\hbox{$x}'. In such cases
the way to recover is to insert both the forgotten and the
deleted material, e.g., by typing `I$}'.


Underfull \hbox (badness 10000) in paragraph at lines 58--61
[]\OT1/cmr/m/n/12 ENERG^^SeTICA, E. D. P., ``Ma-triz Energ^^Setica e El^^Setric
a'',
 []

! Missing $ inserted.
<inserted text> 
                $
l.64 ...l/faces/pages\_publico/o-que-fazemos/como_
                                                  ccee_atua/precos/precos\_m...
I've inserted a begin-math/end-math symbol since I think
you left one out. Proceed, with fingers crossed.

! Missing $ inserted.
<inserted text> 
                $
l.66 
     
I've inserted a begin-math/end-math symbol since I think
you left one out. Proceed, with fingers crossed.

! Missing } inserted.
<inserted text> 
                }
l.66 
     
I've inserted something that you may have forgotten.
(See the <inserted text> above.)
With luck, this will get me unwedged. But if you
really didn't forget anything, try typing `2' now; then
my insertion and my current dilemma will both disappear.


Overfull \hbox (26.88954pt too wide) in paragraph at lines 63--66
[]\OT1/cmr/m/n/12 CCEE, ``Pre^^Xco M^^Sedio da CCEE'', https://www.ccee.org.br/
portal/faces/pages[]publico/o-
 []


Overfull \hbox (32.8244pt too wide) in paragraph at lines 63--66
\OT1/cmr/m/n/12 que-fazemos/como$[]\OML/cmm/m/it/12 cee[]tua=precos=precos[]med
ios; \OT1/cmr/m/n/12 2019\OML/cmm/m/it/12 ; \OT1/cmr/m/n/12 (\OML/cmm/m/it/12 A
cessoem\OT1/cmr/m/n/12 4\OML/cmm/m/it/12 deFevereirode\OT1/cmr/m/n/12 2019)\OML
/cmm/m/it/12 :[]$ 
 []

! Extra }, or forgotten \endgroup.
\par ...m \@noitemerr {\@@par }\fi \else {\@@par }
                                                  \fi 
l.66 
     
I've deleted a group-closing symbol because it seems to be
spurious, as in `$x}$'. But perhaps the } is legitimate and
you forgot something else, as in `\hbox{$x}'. In such cases
the way to recover is to insert both the forgotten and the
deleted material, e.g., by typing `I$}'.

) [14]
Ap\^endice A.
(./ApendiceA.tex) [15

]
Ap\^endice B.
(./ApendiceB.tex
Package epstopdf Info: Source file: <./figuras/Capa_do_Projeto_Final.eps>
(epstopdf)                    date: 2009-07-15 10:31:18
(epstopdf)                    size: 638238 bytes
(epstopdf)             Output file: <./figuras/Capa_do_Projeto_Final-eps-conver
ted-to.pdf>
(epstopdf)                    date: 2016-09-16 13:30:32
(epstopdf)                    size: 37079 bytes
(epstopdf)             Command: <repstopdf --outfile=./figuras/Capa_do_Projeto_
Final-eps-converted-to.pdf ./figuras/Capa_do_Projeto_Final.eps>
(epstopdf)             \includegraphics on input line 9.
Package epstopdf Info: Output file is already uptodate.
<./figuras/Capa_do_Projeto_Final-eps-converted-to.pdf, id=117, 420.57124pt x 52
0.94624pt>
File: ./figuras/Capa_do_Projeto_Final-eps-converted-to.pdf Graphic file (type p
df)
<use ./figuras/Capa_do_Projeto_Final-eps-converted-to.pdf>
Package pdftex.def Info: ./figuras/Capa_do_Projeto_Final-eps-converted-to.pdf  
used on input line 9.
(pdftex.def)             Requested size: 420.57022pt x 520.94498pt.

Overfull \hbox (50.6844pt too wide) in paragraph at lines 9--9
 [] 
 []

) [16

] [17 <./figuras/Capa_do_Projeto_Final-eps-converted-to.pdf>]
Ap\^endice C.
(./ApendiceC.tex) [18

] (./Principal.aux)

LaTeX Warning: There were undefined references.

 ) 
Here is how much of TeX's memory you used:
 12580 strings out of 494566
 211413 string characters out of 6177021
 292906 words of memory out of 5000000
 15946 multiletter control sequences out of 15000+600000
 11057 words of font info for 41 fonts, out of 8000000 for 9000
 16 hyphenation exceptions out of 8191
 61i,12n,94p,838b,594s stack positions out of 5000i,500n,10000p,200000b,80000s
</usr/share/texlive/texmf-dist/fonts/type1/public/amsfonts/cm/cmbx10.pfb></us
r/share/texlive/texmf-dist/fonts/type1/public/amsfonts/cm/cmbx12.pfb></usr/shar
e/texlive/texmf-dist/fonts/type1/public/amsfonts/cm/cmmi12.pfb></usr/share/texl
ive/texmf-dist/fonts/type1/public/amsfonts/cm/cmmi6.pfb></usr/share/texlive/tex
mf-dist/fonts/type1/public/amsfonts/cm/cmmi8.pfb></usr/share/texlive/texmf-dist
/fonts/type1/public/amsfonts/cm/cmr10.pfb></usr/share/texlive/texmf-dist/fonts/
type1/public/amsfonts/cm/cmr12.pfb></usr/share/texlive/texmf-dist/fonts/type1/p
ublic/amsfonts/cm/cmr8.pfb></usr/share/texlive/texmf-dist/fonts/type1/public/am
sfonts/cm/cmsy10.pfb></usr/share/texlive/texmf-dist/fonts/type1/public/amsfonts
/cm/cmsy8.pfb></usr/share/texlive/texmf-dist/fonts/type1/public/amsfonts/cm/cmt
i12.pfb>
Output written on Principal.pdf (31 pages, 1158096 bytes).
PDF statistics:
 216 PDF objects out of 1000 (max. 8388607)
 112 compressed objects within 2 object streams
 0 named destinations out of 1000 (max. 500000)
 41 words of extra memory for PDF output out of 10000 (max. 10000000)

